<?xml version="1.0" encoding="UTF-8"?>
<!-- Generated by org.testng.reporters.JUnitXMLReporter -->
<testsuite ignored="0" hostname="BHANU-LAPTOP" failures="1" tests="2" name="TestChrome" time="13.611" errors="0" timestamp="11 Jan 2024 02:30:41 GMT">
  <testcase classname="script.TestDemo" name="test1" time="0.017">
    <failure type="java.lang.AssertionError" message="null">
      <![CDATA[java.lang.AssertionError: null
at script.TestDemo.test1(TestDemo.java:15)
... Removed 27 stack frames]]>
    </failure>
  </testcase> <!-- test1 -->
  <testcase classname="script.TestDemo2" name="test1" time="0.002"/>
</testsuite> <!-- TestChrome -->
