<?xml version="1.0" encoding="UTF-8"?>
<testng-results ignored="0" total="1" passed="1" failed="0" skipped="0">
  <reporter-output>
    <line>
      <![CDATA[Open Chrome in Local]]>
    </line>
    <line>
      <![CDATA[maximize the browser]]>
    </line>
    <line>
      <![CDATA[enter the app URL:http://www.fb.com]]>
    </line>
    <line>
      <![CDATA[Set ITO:7]]>
    </line>
    <line>
      <![CDATA[Set ETO:5]]>
    </line>
    <line>
      <![CDATA[Bhanu Executing test1....Jai Ganesh]]>
    </line>
    <line>
      <![CDATA[Test:test1 is PASSED, hence NO screenshot has been taken:]]>
    </line>
    <line>
      <![CDATA[Close the browser]]>
    </line>
  </reporter-output>
  <suite started-at="2024-01-11T02:38:48Z" name="Default suite" finished-at="2024-01-11T02:38:58Z" duration-ms="9271">
    <groups>
    </groups>
    <test started-at="2024-01-11T02:38:48Z" name="Default test" finished-at="2024-01-11T02:38:58Z" duration-ms="9271">
      <class name="script.TestDemo">
        <test-method is-config="true" signature="preCondition(java.lang.String, java.lang.String, java.lang.String, java.lang.String)[pri:0, instance:script.TestDemo@12d2ce03]" started-at="2024-01-11T02:38:48Z" name="preCondition" finished-at="2024-01-11T02:38:55Z" duration-ms="6526" status="PASS">
          <params>
            <param index="0">
              <value>
                <![CDATA[no]]>
              </value>
            </param>
            <param index="1">
              <value>
                <![CDATA[]]>
              </value>
            </param>
            <param index="2">
              <value>
                <![CDATA[chrome]]>
              </value>
            </param>
            <param index="3">
              <value>
                <![CDATA[qa_env.properties]]>
              </value>
            </param>
          </params>
          <reporter-output>
            <line>
              <![CDATA[Open Chrome in Local]]>
            </line>
            <line>
              <![CDATA[maximize the browser]]>
            </line>
            <line>
              <![CDATA[enter the app URL:http://www.fb.com]]>
            </line>
            <line>
              <![CDATA[Set ITO:7]]>
            </line>
            <line>
              <![CDATA[Set ETO:5]]>
            </line>
          </reporter-output>
        </test-method> <!-- preCondition -->
        <test-method signature="test1()[pri:0, instance:script.TestDemo@12d2ce03]" started-at="2024-01-11T02:38:55Z" name="test1" finished-at="2024-01-11T02:38:57Z" duration-ms="2275" status="PASS">
          <reporter-output>
            <line>
              <![CDATA[Bhanu Executing test1....Jai Ganesh]]>
            </line>
          </reporter-output>
        </test-method> <!-- test1 -->
        <test-method is-config="true" signature="postCondition(org.testng.ITestResult)[pri:0, instance:script.TestDemo@12d2ce03]" started-at="2024-01-11T02:38:57Z" name="postCondition" finished-at="2024-01-11T02:38:58Z" duration-ms="413" status="PASS">
          <params>
            <param index="0">
              <value>
                <![CDATA[[TestResult name=test1 status=SUCCESS method=TestDemo.test1()[pri:0, instance:script.TestDemo@12d2ce03] output=Bhanu Executing test1....Jai Ganesh]]]>
              </value>
            </param>
          </params>
          <reporter-output>
            <line>
              <![CDATA[Test:test1 is PASSED, hence NO screenshot has been taken:]]>
            </line>
            <line>
              <![CDATA[Close the browser]]>
            </line>
          </reporter-output>
        </test-method> <!-- postCondition -->
      </class> <!-- script.TestDemo -->
    </test> <!-- Default test -->
  </suite> <!-- Default suite -->
</testng-results>
