<?xml version="1.0" encoding="UTF-8"?>
<testng-results ignored="0" total="1" passed="1" failed="0" skipped="0">
  <reporter-output>
    <line>
      <![CDATA[Open Chrome in Local]]>
    </line>
    <line>
      <![CDATA[maximize the browser]]>
    </line>
    <line>
      <![CDATA[enter the app URL:https://pos.aksharatraining.in/pos/public/]]>
    </line>
    <line>
      <![CDATA[Set ITO:7]]>
    </line>
    <line>
      <![CDATA[Set ETO:5]]>
    </line>
    <line>
      <![CDATA[Home Page is Displayed]]>
    </line>
    <line>
      <![CDATA[Test:testValidLogin is PASSED, hence NO screenshot has been taken:]]>
    </line>
    <line>
      <![CDATA[Close the browser]]>
    </line>
  </reporter-output>
  <suite started-at="2024-01-12T02:10:11Z" name="Default suite" finished-at="2024-01-12T02:10:24Z" duration-ms="12902">
    <groups>
    </groups>
    <test started-at="2024-01-12T02:10:11Z" name="Default test" finished-at="2024-01-12T02:10:24Z" duration-ms="12902">
      <class name="script.ValidLogin">
        <test-method is-config="true" signature="preCondition(java.lang.String, java.lang.String, java.lang.String, java.lang.String)[pri:0, instance:script.ValidLogin@c7ba306]" started-at="2024-01-12T02:10:11Z" name="preCondition" finished-at="2024-01-12T02:10:20Z" duration-ms="9174" status="PASS">
          <params>
            <param index="0">
              <value>
                <![CDATA[no]]>
              </value>
            </param>
            <param index="1">
              <value>
                <![CDATA[]]>
              </value>
            </param>
            <param index="2">
              <value>
                <![CDATA[chrome]]>
              </value>
            </param>
            <param index="3">
              <value>
                <![CDATA[qa_env.properties]]>
              </value>
            </param>
          </params>
          <reporter-output>
            <line>
              <![CDATA[Open Chrome in Local]]>
            </line>
            <line>
              <![CDATA[maximize the browser]]>
            </line>
            <line>
              <![CDATA[enter the app URL:https://pos.aksharatraining.in/pos/public/]]>
            </line>
            <line>
              <![CDATA[Set ITO:7]]>
            </line>
            <line>
              <![CDATA[Set ETO:5]]>
            </line>
          </reporter-output>
        </test-method> <!-- preCondition -->
        <test-method signature="testValidLogin()[pri:1, instance:script.ValidLogin@c7ba306]" started-at="2024-01-12T02:10:20Z" name="testValidLogin" finished-at="2024-01-12T02:10:23Z" duration-ms="3221" status="PASS">
          <reporter-output>
            <line>
              <![CDATA[Home Page is Displayed]]>
            </line>
          </reporter-output>
        </test-method> <!-- testValidLogin -->
        <test-method is-config="true" signature="postCondition(org.testng.ITestResult)[pri:0, instance:script.ValidLogin@c7ba306]" started-at="2024-01-12T02:10:23Z" name="postCondition" finished-at="2024-01-12T02:10:24Z" duration-ms="463" status="PASS">
          <params>
            <param index="0">
              <value>
                <![CDATA[[TestResult name=testValidLogin status=SUCCESS method=ValidLogin.testValidLogin()[pri:1, instance:script.ValidLogin@c7ba306] output=Home Page is Displayed]]]>
              </value>
            </param>
          </params>
          <reporter-output>
            <line>
              <![CDATA[Test:testValidLogin is PASSED, hence NO screenshot has been taken:]]>
            </line>
            <line>
              <![CDATA[Close the browser]]>
            </line>
          </reporter-output>
        </test-method> <!-- postCondition -->
      </class> <!-- script.ValidLogin -->
    </test> <!-- Default test -->
  </suite> <!-- Default suite -->
</testng-results>
